Creating Bag-Of-Features.
-------------------------
* Image category 1: HDPE
* Image category 2: LDPE
* Image category 3: PET
* Image category 4: PP
* Image category 5: PS
* Selecting feature point locations using the Detector method.
* Extracting SURF features from the selected feature point locations.
** detectSURFFeatures is used to detect key points for feature extraction.

* Extracting features from 2100 images...done. Extracted 255534 features.

* Keeping 80 percent of the strongest features from each category.

* Balancing the number of features across all image categories to improve clustering.
** Image category 5 has the least number of strongest features: 13002.
** Using the strongest 13002 features from each of the other image categories.

* Using K-Means clustering to create a 500 word visual vocabulary.
* Number of features          : 65010
* Number of clusters (K)      : 500

* Finished creating Bag-Of-Features

Training an image category classifier for 5 categories.
--------------------------------------------------------
* Category 1: HDPE
* Category 2: LDPE
* Category 3: PET
* Category 4: PP
* Category 5: PS

* Encoding features for 2100 images...done.

* Finished training the category classifier. Use evaluate to test the classifier on a test set.


Evaluating image category classifier for 5 categories.
-------------------------------------------------------
* Category 1: HDPE
* Category 2: LDPE
* Category 3: PET
* Category 4: PP
* Category 5: PS

* Evaluating 2100 images...done.

* Finished evaluating all the test sets.

* The confusion matrix for this test set is:


                      PREDICTED
KNOWN   | HDPE   LDPE   PET    PP     PS     
---------------------------------------------
HDPE    | 0.87   0.05   0.02   0.01   0.05   
LDPE    | 0.00   1.00   0.00   0.00   0.00   
PET     | 0.03   0.17   0.71   0.04   0.06   
PP      | 0.09   0.26   0.15   0.31   0.20   
PS      | 0.05   0.08   0.02   0.01   0.85   

* Average Accuracy is 0.75.


Evaluating image category classifier for 5 categories.
-------------------------------------------------------
* Category 1: HDPE
* Category 2: LDPE
* Category 3: PET
* Category 4: PP
* Category 5: PS

* Evaluating 524 images...done.

* Finished evaluating all the test sets.

* The confusion matrix for this test set is:


                      PREDICTED
KNOWN   | HDPE   LDPE   PET    PP     PS     
---------------------------------------------
HDPE    | 0.61   0.08   0.06   0.06   0.20   
LDPE    | 0.00   0.93   0.00   0.07   0.00   
PET     | 0.07   0.17   0.66   0.05   0.07   
PP      | 0.14   0.30   0.20   0.16   0.20   
PS      | 0.22   0.10   0.08   0.05   0.55   

* Average Accuracy is 0.58.

