Creating Bag-Of-Features.
-------------------------
* Image category 1: HDPE
* Image category 2: LDPE
* Image category 3: Other
* Image category 4: PET
* Image category 5: PP
* Image category 6: PS
* Selecting feature point locations using the Detector method.
* Extracting SURF features from the selected feature point locations.
** detectSURFFeatures is used to detect key points for feature extraction.

* Extracting features from 2191 images...done. Extracted 276874 features.

* Keeping 80 percent of the strongest features from each category.

* Balancing the number of features across all image categories to improve clustering.
** Image category 6 has the least number of strongest features: 13096.
** Using the strongest 13096 features from each of the other image categories.

* Using K-Means clustering to create a 500 word visual vocabulary.
* Number of features          : 78576
* Number of clusters (K)      : 500

* Finished creating Bag-Of-Features


Training an image category classifier for 6 categories.

* Encoding features for 2191 images...done.

* Finished training the category classifier. Use evaluate to test the classifier on a test set.


Evaluating image category classifier for 6 categories.
-------------------------------------------------------

* Evaluating 2191 images...done.

* Finished evaluating all the test sets.

* The confusion matrix for this test set is:


                           PREDICTED
KNOWN    | HDPE   LDPE   Other   PET    PP     PS     
------------------------------------------------------
HDPE     | 0.59   0.00   0.39    0.00   0.00   0.01   
LDPE     | 0.00   0.95   0.05    0.00   0.00   0.00   
Other    | 0.00   0.00   1.00    0.00   0.00   0.00   
PET      | 0.01   0.03   0.62    0.34   0.00   0.01   
PP       | 0.02   0.03   0.84    0.02   0.00   0.09   
PS       | 0.03   0.00   0.49    0.00   0.00   0.48   

* Average Accuracy is 0.56.


Evaluating image category classifier for 6 categories.
-------------------------------------------------------

* Evaluating 547 images...done.

* Finished evaluating all the test sets.

* The confusion matrix for this test set is:


                           PREDICTED
KNOWN    | HDPE   LDPE   Other   PET    PP     PS     
------------------------------------------------------
HDPE     | 0.45   0.02   0.47    0.02   0.00   0.05   
LDPE     | 0.00   0.47   0.53    0.00   0.00   0.00   
Other    | 0.00   0.00   0.96    0.04   0.00   0.00   
PET      | 0.00   0.05   0.61    0.33   0.00   0.01   
PP       | 0.07   0.03   0.74    0.06   0.00   0.10   
PS       | 0.03   0.02   0.75    0.00   0.00   0.20   

* Average Accuracy is 0.40.

